make.exe all --print-data-base --no-builtin-variables --no-builtin-rules --question
# GNU Make 3.82.90
# Built for i686-pc-mingw32
# Copyright (C) 1988-2012 Free Software Foundation, Inc.
# License GPLv3+: GNU GPL version 3 or later <http://gnu.org/licenses/gpl.html>
# This is free software: you are free to change and redistribute it.
# There is NO WARRANTY, to the extent permitted by law.
 

# Make data base, printed on Fri Jun 17 19:27:21 2022

# Variables

# automatic
<D = $(patsubst %/,%,$(patsubst %\,%,$(dir $<)))
# automatic
?F = $(notdir $?)
# default
.SHELLFLAGS := -c
# environment
NVCUDASAMPLES10_2_ROOT = C:\ProgramData\NVIDIA Corporation\CUDA Samples\v10.2
# makefile
MAKEFLAGS = Rrqp
# environment
VSCODE_LOG_NATIVE = false
# automatic
?D = $(patsubst %/,%,$(patsubst %\,%,$(dir $?)))
# automatic
@D = $(patsubst %/,%,$(patsubst %\,%,$(dir $@)))
# environment
HOMEDRIVE = C:
# automatic
@F = $(notdir $@)
# automatic
^D = $(patsubst %/,%,$(patsubst %\,%,$(dir $^)))
# makefile
CURDIR := c:/Users/vitor/Documents/Desk/Arquivos/Projetos/C-Cpp/NeuralNetworkCpp
# default
SHELL := sh.exe
# environment
WINDIR = C:\Windows
# environment
VSCODE_NLS_CONFIG = {"locale":"pt-br","availableLanguages":{},"_languagePackSupport":true}
# environment
VBOX_MSI_INSTALL_PATH = C:\Program Files\Oracle\VirtualBox\
# environment
PYCHARM COMMUNITY EDITION = C:\Program Files\JetBrains\PyCharm Community Edition 2020.1.1\bin;
# environment
ONEDRIVE = C:\Users\vitor\OneDrive
# environment
PATHEXT = .COM;.EXE;.BAT;.CMD;.VBS;.VBE;.JS;.JSE;.WSF;.WSH;.MSC
# makefile
MAKEFILE_LIST := 
# environment
ICEMCFD_SYSDIR = win64_amd
# environment
TMP = C:\Users\vitor\AppData\Local\Temp
# environment
VSCODE_VERBOSE_LOGGING = true
# environment
PROGRAMW6432 = C:\Program Files
# environment
PROGRAMDATA = C:\ProgramData
# environment
ANSYS_SYSDIR32 = win32
# environment
VSCODE_IPC_HOOK_EXTHOST = \\.\pipe\vscode-ipc-c587745e-aa80-41ea-a38d-d0d2e63f0b7e-sock
# environment
VSCODE_CWD = C:\Users\vitor\Documents\Desk\Arquivos\Projetos\C-Cpp
# environment
PATH = C:\Program Files (x86)\Intel\Intel(R) Management Engine Components\iCLS\;C:\Program Files\Intel\Intel(R) Management Engine Components\iCLS\;C:\Program Files\NVIDIA GPU Computing Toolkit\CUDA\v10.2\bin;C:\Program Files\NVIDIA GPU Computing Toolkit\CUDA\v10.2\libnvvp;C:\Program Files (x86)\Common Files\Oracle\Java\javapath;C:\windows\system32;C:\windows;C:\windows\System32\Wbem;C:\windows\System32\WindowsPowerShell\v1.0\;C:\windows\System32\OpenSSH\;C:\Program Files (x86)\NVIDIA Corporation\PhysX\Common;C:\WINDOWS\system32;C:\WINDOWS;C:\WINDOWS\System32\Wbem;C:\WINDOWS\System32\WindowsPowerShell\v1.0\;C:\WINDOWS\System32\OpenSSH\;C:\Program Files\Git\cmd;C:\Program Files\NVIDIA Corporation\Nsight Compute 2019.5.0\;C:\Program Files\NVIDIA Corporation\NVIDIA NvDLISR;C:\Program Files\Microsoft SQL Server\Client SDK\ODBC\110\Tools\Binn\;C:\Program Files (x86)\Microsoft SQL Server\120\Tools\Binn\;C:\Program Files\Microsoft SQL Server\120\Tools\Binn\;C:\Program Files\Microsoft SQL Server\120\DTS\Binn\;C:\Program Files (x86)\Windows Kits\8.1\Windows Performance Toolkit\;C:\Program Files\PuTTY\;C:\Program Files (x86)\Intel\Intel(R) Management Engine Components\DAL;C:\Program Files\Intel\Intel(R) Management Engine Components\DAL;C:\Program Files\Common Files\Autodesk Shared\;C:\Program Files\CMake\bin;C:\Users\vitor\AppData\Local\Programs\Python\Python39\Scripts\;C:\Users\vitor\AppData\Local\Programs\Python\Python39\;C:\Users\vitor\AppData\Local\Microsoft\WindowsApps;C:\Users\vitor\AppData\Local\Programs\Microsoft VS Code\bin;C:\MinGW\bin;C:\Users\vitor\AppData\Local\Programs\Python\Python37-32\Scripts;C:\Users\vitor\AppData\Local\Microsoft\WindowsApps;C:\Users\vitor\AppData\Local\Packages\PythonSoftwareFoundation.Python.3.8_qbz5n2kfra8p0\LocalCache\local-packages\Python38\Scripts;C:\Program Files\JetBrains\PyCharm Community Edition 2020.1.1\bin;;C:\Users\vitor\anaconda3;C:\Users\vitor\anaconda3\Scripts;C:\Users\vitor\AppData\Local\GitHubDesktop\bin;C:\Program Files\NVIDIA Corporation\NVSMI;
# environment
SW_SIM_HYDRA = C:\Program Files\Common Files\SolidWorks Shared\Simulation Worker Agent\
# environment
COMMONPROGRAMW6432 = C:\Program Files\Common Files
# environment
PROCESSOR_ARCHITECTURE = x86
# environment
USERPROFILE = C:\Users\vitor
# environment
ALLUSERSPROFILE = C:\ProgramData
# environment
VSCODE_LOG_STACK = false
# environment
NUMBER_OF_PROCESSORS = 8
# environment
ELECTRON_RUN_AS_NODE = 1
# default
.FEATURES := target-specific order-only second-expansion else-if shortest-stem undefine oneshell archives jobserver
# environment
NVTOOLSEXT_PATH = C:\Program Files\NVIDIA Corporation\NvToolsExt\
# automatic
%F = $(notdir $%)
# environment
CHROME_CRASHPAD_PIPE_NAME = \\.\pipe\crashpad_12192_WMXSISRRRAPJPVQI
# environment
CUDA_PATH_V10_2 = C:\Program Files\NVIDIA GPU Computing Toolkit\CUDA\v10.2
# environment
ANSYS_SYSDIR = winx64
# environment
VSCODE_PIPE_LOGGING = true
# environment
COMPUTERNAME = LAPTOP-LLFFKN90
# environment
PROGRAMFILES = C:\Program Files (x86)
# environment
DRIVERDATA = C:\Windows\System32\Drivers\DriverData
# environment
NVCUDASAMPLES_ROOT = C:\ProgramData\NVIDIA Corporation\CUDA Samples\v10.2
# environment
ORIGINAL_XDG_CURRENT_DESKTOP = undefined
# environment
USERNAME = vitor
# environment
PUBLIC = C:\Users\Public
# environment
VSCODE_AMD_ENTRYPOINT = vs/workbench/api/node/extensionHostProcess
# environment
LSTC_LICENSE = ANSYS
# environment
VSCODE_CODE_CACHE_PATH = C:\Users\vitor\AppData\Roaming\Code\CachedData\30d9c6cd9483b2cc586687151bcbcd635f373630
# environment
APPLICATION_INSIGHTS_NO_DIAGNOSTIC_CHANNEL = 1
# environment
COMMONPROGRAMFILES = C:\Program Files (x86)\Common Files
# environment
LOGONSERVER = \\LAPTOP-LLFFKN90
# environment
ONEDRIVECONSUMER = C:\Users\vitor\OneDrive
# environment
VSCODE_HANDLES_UNCAUGHT_ERRORS = true
# environment
USERDOMAIN = LAPTOP-LLFFKN90
# environment
MAKELEVEL := 0
# default
MAKE = $(MAKE_COMMAND)
# default
MAKECMDGOALS := all
# default
MAKE_VERSION := 3.82.90
# makefile
.DEFAULT_GOAL := 
# environment
PROGRAMFILES(X86) = C:\Program Files (x86)
# automatic
%D = $(patsubst %/,%,$(patsubst %\,%,$(dir $%)))
# environment
LOCALAPPDATA = C:\Users\vitor\AppData\Local
# environment
PSMODULEPATH = C:\Program Files\WindowsPowerShell\Modules;C:\Windows\system32\WindowsPowerShell\v1.0\Modules;C:\Program Files (x86)\Microsoft SQL Server\120\Tools\PowerShell\Modules\
# default
MAKE_COMMAND := make.exe
# environment
PROCESSOR_ARCHITEW6432 = AMD64
# default
.VARIABLES := 
# automatic
*F = $(notdir $*)
# environment
PROCESSOR_IDENTIFIER = Intel64 Family 6 Model 142 Stepping 10, GenuineIntel
# environment
OS = Windows_NT
# environment
VSCODE_IPC_HOOK = \\.\pipe\2a62355db5bf301923b8cd7eb1511288-1.68.1-main-sock
# environment
HOMEPATH = \Users\vitor
# environment
COMMONPROGRAMFILES(X86) = C:\Program Files (x86)\Common Files
# environment
PROMPT = $P$G
# environment
MFLAGS = -Rrqp
# automatic
*D = $(patsubst %/,%,$(patsubst %\,%,$(dir $*)))
# environment
SYSTEMROOT = C:\Windows
# automatic
+D = $(patsubst %/,%,$(patsubst %\,%,$(dir $+)))
# automatic
+F = $(notdir $+)
# environment
APPDATA = C:\Users\vitor\AppData\Roaming
# environment
TEMP = C:\Users\vitor\AppData\Local\Temp
# environment
COMSPEC = C:\Windows\system32\cmd.exe
# default
MAKEFILES := 
# environment
ANS_OLD_ATTACH = 1
# automatic
<F = $(notdir $<)
# environment
LC_ALL = C
# environment
SW_SIM_TEMP = C:\ProgramData\SOLIDWORKS\SW_net_sim_temp\
# automatic
^F = $(notdir $^)
# environment
CUDA_PATH = C:\Program Files\NVIDIA GPU Computing Toolkit\CUDA\v10.2
# default
SUFFIXES := 
# environment
SYSTEMDRIVE = C:
# environment
SESSIONNAME = Console
# environment
PROCESSOR_REVISION = 8e0a
# environment
SW_SIM_MPIT = INTELMPI
# default
.INCLUDE_DIRS = C:/MinGW/include
# default
.RECIPEPREFIX := 
# environment
LANG = C
# environment
PROCESSOR_LEVEL = 6
# environment
VSCODE_PID = 12192
# environment
USERDOMAIN_ROAMINGPROFILE = LAPTOP-LLFFKN90
# variable set hash-table stats:
# Load=105/1024=10%, Rehash=0, Collisions=11/121=9%

# Pattern-specific Variable Values

# No pattern-specific variable values.

# Directories

# : could not be stat'd.
# C:\Program Files\Common Files\Autodesk Shared\ (key C:/Program Files/Common Files/Autodesk Shared/, mtime 1628039553): 116 files, no impossibilities.
# C:\Users\vitor\AppData\Local\Programs\Python\Python39\Scripts\ (key C:/Users/vitor/AppData/Local/Programs/Python/Python39/Scripts/, mtime 1654520587): 34 files, no impossibilities.
# C:\Program Files\Microsoft SQL Server\Client SDK\ODBC\110\Tools\Binn\ (key C:/Program Files/Microsoft SQL Server/Client SDK/ODBC/110/Tools/Binn/, mtime 1599945857): 6 files, no impossibilities.
# C:\Program Files\NVIDIA Corporation\NVIDIA NvDLISR (key C:/Program Files/NVIDIA Corporation/NVIDIA NvDLISR, mtime 1595444767): 5 files, no impossibilities.
# C:\windows\System32\WindowsPowerShell\v1.0\ (key C:/windows/System32/WindowsPowerShell/v1.0/, mtime 1602729237): 29 files, no impossibilities.
# C:\WINDOWS\System32\Wbem (key C:/WINDOWS/System32/Wbem, mtime 1646995847): 155 files, no impossibilities.
# C:\Users\vitor\AppData\Local\Microsoft\WindowsApps (key C:/Users/vitor/AppData/Local/Microsoft/WindowsApps, mtime 1655303913): 21 files, no impossibilities.
# . (key c:/Users/vitor/Documents/Desk/Arquivos/Projetos/C-Cpp/NeuralNetworkCpp, mtime 1655502016): 11 files, no impossibilities.
# C:\Program Files (x86)\Common Files\Oracle\Java\javapath (key C:/Program Files (x86)/Common Files/Oracle/Java/javapath, mtime 1566052509): 5 files, no impossibilities.
# C:\Users\vitor\AppData\Local\GitHubDesktop\bin (key C:/Users/vitor/AppData/Local/GitHubDesktop/bin, mtime 1585617014): 4 files, no impossibilities.
# C:\Program Files (x86)\Intel\Intel(R) Management Engine Components\iCLS\ (key C:/Program Files (x86)/Intel/Intel(R) Management Engine Components/iCLS/, mtime 1611196400): 8 files, no impossibilities.
# C:\Program Files\NVIDIA Corporation\Nsight Compute 2019.5.0\ (key C:/Program Files/NVIDIA Corporation/Nsight Compute 2019.5.0/, mtime 1595443461): 10 files, no impossibilities.
# C:\Program Files\Git\cmd (key C:/Program Files/Git/cmd, mtime 1585616851): 8 files, no impossibilities.
# C:\windows\System32\OpenSSH\: could not be stat'd.
# C:\Program Files (x86)\Microsoft SQL Server\120\Tools\Binn\ (key C:/Program Files (x86)/Microsoft SQL Server/120/Tools/Binn/, mtime 1599945793): 12 files, no impossibilities.
# C:\Program Files\NVIDIA GPU Computing Toolkit\CUDA\v10.2\libnvvp (key C:/Program Files/NVIDIA GPU Computing Toolkit/CUDA/v10.2/libnvvp, mtime 1595444296): 14 files, no impossibilities.
# C:\MinGW\bin (key C:/MinGW/bin, mtime 1655399258): 126 files, no impossibilities.
# C:\Program Files (x86)\NVIDIA Corporation\PhysX\Common (key C:/Program Files (x86)/NVIDIA Corporation/PhysX/Common, mtime 1599946359): 11 files, no impossibilities.
# C:\Program Files\Microsoft SQL Server\120\DTS\Binn\ (key C:/Program Files/Microsoft SQL Server/120/DTS/Binn/, mtime 1599945860): 38 files, no impossibilities.
# C:\Program Files\CMake\bin (key C:/Program Files/CMake/bin, mtime 1653943989): 7 files, no impossibilities.
# C:\Program Files\Intel\Intel(R) Management Engine Components\DAL (key C:/Program Files/Intel/Intel(R) Management Engine Components/DAL, mtime 1611196382): 4 files, no impossibilities.
# C:\WINDOWS (key C:/WINDOWS, mtime 1655386961): 128 files, no impossibilities.
# C:\Users\vitor\anaconda3 (key C:/Users/vitor/anaconda3, mtime 1595454023): 85 files, no impossibilities.
# C:\Program Files\JetBrains\PyCharm Community Edition 2020.1.1\bin: could not be stat'd.
# C:\windows (key C:/windows, mtime 1655386961): 128 files, no impossibilities.
# C:\Users\vitor\AppData\Local\Programs\Python\Python37-32\Scripts: could not be stat'd.
# C:\windows\System32\Wbem (key C:/windows/System32/Wbem, mtime 1646995847): 155 files, no impossibilities.
# C:\Program Files\NVIDIA GPU Computing Toolkit\CUDA\v10.2\bin (key C:/Program Files/NVIDIA GPU Computing Toolkit/CUDA/v10.2/bin, mtime 1595444674): 44 files, no impossibilities.
# C:\Program Files (x86)\Windows Kits\8.1\Windows Performance Toolkit\ (key C:/Program Files (x86)/Windows Kits/8.1/Windows Performance Toolkit/, mtime 1599946082): 73 files, no impossibilities.
# C:\Users\vitor\anaconda3\Scripts (key C:/Users/vitor/anaconda3/Scripts, mtime 1595454023): 300 files, no impossibilities.
# C:\Users\vitor\AppData\Local\Programs\Python\Python39\ (key C:/Users/vitor/AppData/Local/Programs/Python/Python39/, mtime 1610912810): 18 files, no impossibilities.
# C:\Users\vitor\AppData\Local\Packages\PythonSoftwareFoundation.Python.3.8_qbz5n2kfra8p0\LocalCache\local-packages\Python38\Scripts: could not be stat'd.
# C:\WINDOWS\System32\WindowsPowerShell\v1.0\ (key C:/WINDOWS/System32/WindowsPowerShell/v1.0/, mtime 1602729237): 29 files, no impossibilities.
# C:\windows\system32 (key C:/windows/system32, mtime 1655469293): 3109 files, no impossibilities.
# C:\Program Files\Intel\Intel(R) Management Engine Components\iCLS\ (key C:/Program Files/Intel/Intel(R) Management Engine Components/iCLS/, mtime 1611196398): 11 files, no impossibilities.
# C:\Program Files (x86)\Intel\Intel(R) Management Engine Components\DAL (key C:/Program Files (x86)/Intel/Intel(R) Management Engine Components/DAL, mtime 1611196382): 10 files, no impossibilities.
# C:\Program Files\Microsoft SQL Server\120\Tools\Binn\ (key C:/Program Files/Microsoft SQL Server/120/Tools/Binn/, mtime 1628036249): 15 files, no impossibilities.
# C:\Program Files\NVIDIA Corporation\NVSMI (key C:/Program Files/NVIDIA Corporation/NVSMI, mtime 1611249719): 6 files, no impossibilities.
# C:\Users\vitor\AppData\Local\Programs\Microsoft VS Code\bin (key C:/Users/vitor/AppData/Local/Programs/Microsoft VS Code/bin, mtime 1655383232): 4 files, no impossibilities.
# C:\WINDOWS\System32\OpenSSH\: could not be stat'd.
# C:\Program Files\PuTTY\ (key C:/Program Files/PuTTY/, mtime 1605906253): 12 files, no impossibilities.
# C:\WINDOWS\system32 (key C:/WINDOWS/system32, mtime 1655469293): 3109 files, no impossibilities.

# 7860 files, no impossibilities in 43 directories.

# Implicit Rules

# No implicit rules.

# Files

# Not a target:
all:
#  Command line target.
#  Implicit rule search has been done.
#  File does not exist.
#  File has not been updated.

# Not a target:
.SUFFIXES:
#  Implicit rule search has not been done.
#  Modification time never checked.
#  File has not been updated.

# Not a target:
Makefile:
#  Implicit rule search has been done.
#  File does not exist.
#  File has been updated.
#  Failed to be updated.

# Not a target:
makefile:
#  Implicit rule search has been done.
#  File does not exist.
#  File has been updated.
#  Failed to be updated.

# Not a target:
.DEFAULT:
#  Implicit rule search has not been done.
#  Modification time never checked.
#  File has not been updated.

# Not a target:
GNUmakefile:
#  Implicit rule search has been done.
#  File does not exist.
#  File has been updated.
#  Failed to be updated.

# files hash-table stats:
# Load=6/1024=1%, Rehash=0, Collisions=0/15=0%
# VPATH Search Paths

# No 'vpath' search paths.

# No general ('VPATH' variable) search path.

# strcache buffers: 9 (8) / strings = 4341 / storage = 67562 B / avg = 15 B
# current buf: size = 8174 B / used = 2253 B / count = 143 / avg = 15 B
# other used: total = 59388 B / count = 4198 / avg = 14 B
# other free: total = 83 B / max = 14 B / min = 4 B / avg = 10 B

# strcache performance: lookups = 7911 / hit rate = 45%
# hash-table stats:
# Load=4341/8192=53%, Rehash=0, Collisions=3211/7911=41%
# Finished Make data base on Fri Jun 17 19:27:21 2022

 
make.exe: *** No rule to make target 'all'.  Stop.

